# JRE version: Java(TM) SE Runtime Environment (8.0_162-b12) (build 1.8.0_162-b12)
# Java VM: Java HotSpot(TM) 64-Bit Server VM (25.162-b12 mixed mode windows-amd64 compressed oops)
Heap:
 PSYoungGen      total 387072K, used 4529K [0x000000076af80000, 0x0000000784a00000, 0x00000007c0000000)
  eden space 382464K, 0% used [0x000000076af80000,0x000000076af80000,0x0000000782500000)
  from space 4608K, 98% used [0x0000000782500000,0x000000078296c688,0x0000000782980000)
  to   space 18944K, 0% used [0x0000000783780000,0x0000000783780000,0x0000000784a00000)
 ParOldGen       total 156672K, used 37965K [0x00000006c0e00000, 0x00000006ca700000, 0x000000076af80000)
  object space 156672K, 24% used [0x00000006c0e00000,0x00000006c3313748,0x00000006ca700000)
 Metaspace       used 51879K, capacity 54068K, committed 54272K, reserved 1095680K
  class space    used 6779K, capacity 7316K, committed 7424K, reserved 1048576K
GC Heap History (10 events):
Event: 1648.680 GC heap after
Heap after GC invocations=25 (full 9):
 PSYoungGen      total 330240K, used 6952K [0x000000076af80000, 0x0000000785a00000, 0x00000007c0000000)
  eden space 308736K, 0% used [0x000000076af80000,0x000000076af80000,0x000000077dd00000)
  from space 21504K, 32% used [0x000000077f180000,0x000000077f84a048,0x0000000780680000)
  to   space 20992K, 0% used [0x000000077dd00000,0x000000077dd00000,0x000000077f180000)
 ParOldGen       total 156672K, used 38747K [0x00000006c0e00000, 0x00000006ca700000, 0x000000076af80000)
  object space 156672K, 24% used [0x00000006c0e00000,0x00000006c33d6c98,0x00000006ca700000)
 Metaspace       used 51370K, capacity 53328K, committed 53632K, reserved 1095680K
  class space    used 6727K, capacity 7210K, committed 7296K, reserved 1048576K
}
Event: 1673.530 GC heap before
{Heap before GC invocations=26 (full 9):
 PSYoungGen      total 330240K, used 315688K [0x000000076af80000, 0x0000000785a00000, 0x00000007c0000000)
  eden space 308736K, 100% used [0x000000076af80000,0x000000077dd00000,0x000000077dd00000)
  from space 21504K, 32% used [0x000000077f180000,0x000000077f84a048,0x0000000780680000)
  to   space 20992K, 0% used [0x000000077dd00000,0x000000077dd00000,0x000000077f180000)
 ParOldGen       total 156672K, used 38747K [0x00000006c0e00000, 0x00000006ca700000, 0x000000076af80000)
  object space 156672K, 24% used [0x00000006c0e00000,0x00000006c33d6c98,0x00000006ca700000)
 Metaspace       used 51524K, capacity 53590K, committed 53888K, reserved 1095680K
  class space    used 6745K, capacity 7232K, committed 7296K, reserved 1048576K
Event: 1673.535 GC heap after
Heap after GC invocations=26 (full 9):
 PSYoungGen      total 329728K, used 7614K [0x000000076af80000, 0x0000000784c00000, 0x00000007c0000000)
  eden space 308736K, 0% used [0x000000076af80000,0x000000076af80000,0x000000077dd00000)
  from space 20992K, 36% used [0x000000077dd00000,0x000000077e46fb30,0x000000077f180000)
  to   space 19968K, 0% used [0x0000000783880000,0x0000000783880000,0x0000000784c00000)
 ParOldGen       total 156672K, used 38755K [0x00000006c0e00000, 0x00000006ca700000, 0x000000076af80000)
  object space 156672K, 24% used [0x00000006c0e00000,0x00000006c33d8c98,0x00000006ca700000)
 Metaspace       used 51524K, capacity 53590K, committed 53888K, reserved 1095680K
  class space    used 6745K, capacity 7232K, committed 7296K, reserved 1048576K
}
Event: 1678.293 GC heap before
{Heap before GC invocations=27 (full 9):
 PSYoungGen      total 329728K, used 90625K [0x000000076af80000, 0x0000000784c00000, 0x00000007c0000000)
  eden space 308736K, 26% used [0x000000076af80000,0x00000007700908f0,0x000000077dd00000)
  from space 20992K, 36% used [0x000000077dd00000,0x000000077e46fb30,0x000000077f180000)
  to   space 19968K, 0% used [0x0000000783880000,0x0000000783880000,0x0000000784c00000)
 ParOldGen       total 156672K, used 38755K [0x00000006c0e00000, 0x00000006ca700000, 0x000000076af80000)
  object space 156672K, 24% used [0x00000006c0e00000,0x00000006c33d8c98,0x00000006ca700000)
 Metaspace       used 51710K, capacity 53838K, committed 53888K, reserved 1095680K
  class space    used 6763K, capacity 7283K, committed 7296K, reserved 1048576K
Event: 1678.295 GC heap after
Heap after GC invocations=27 (full 9):
 PSYoungGen      total 401408K, used 3361K [0x000000076af80000, 0x0000000784b00000, 0x00000007c0000000)
  eden space 382464K, 0% used [0x000000076af80000,0x000000076af80000,0x0000000782500000)
  from space 18944K, 17% used [0x0000000783880000,0x0000000783bc84e0,0x0000000784b00000)
  to   space 19456K, 0% used [0x0000000782500000,0x0000000782500000,0x0000000783800000)
 ParOldGen       total 156672K, used 38763K [0x00000006c0e00000, 0x00000006ca700000, 0x000000076af80000)
  object space 156672K, 24% used [0x00000006c0e00000,0x00000006c33dac98,0x00000006ca700000)
 Metaspace       used 51710K, capacity 53838K, committed 53888K, reserved 1095680K
  class space    used 6763K, capacity 7283K, committed 7296K, reserved 1048576K
}
Event: 1678.295 GC heap before
{Heap before GC invocations=28 (full 10):
 PSYoungGen      total 401408K, used 3361K [0x000000076af80000, 0x0000000784b00000, 0x00000007c0000000)
  eden space 382464K, 0% used [0x000000076af80000,0x000000076af80000,0x0000000782500000)
  from space 18944K, 17% used [0x0000000783880000,0x0000000783bc84e0,0x0000000784b00000)
  to   space 19456K, 0% used [0x0000000782500000,0x0000000782500000,0x0000000783800000)
 ParOldGen       total 156672K, used 38763K [0x00000006c0e00000, 0x00000006ca700000, 0x000000076af80000)
  object space 156672K, 24% used [0x00000006c0e00000,0x00000006c33dac98,0x00000006ca700000)
 Metaspace       used 51710K, capacity 53838K, committed 53888K, reserved 1095680K
  class space    used 6763K, capacity 7283K, committed 7296K, reserved 1048576K
Event: 1678.452 GC heap after
Heap after GC invocations=28 (full 10):
 PSYoungGen      total 401408K, used 0K [0x000000076af80000, 0x0000000784b00000, 0x00000007c0000000)
  eden space 382464K, 0% used [0x000000076af80000,0x000000076af80000,0x0000000782500000)
  from space 18944K, 0% used [0x0000000783880000,0x0000000783880000,0x0000000784b00000)
  to   space 19456K, 0% used [0x0000000782500000,0x0000000782500000,0x0000000783800000)
 ParOldGen       total 156672K, used 37957K [0x00000006c0e00000, 0x00000006ca700000, 0x000000076af80000)
  object space 156672K, 24% used [0x00000006c0e00000,0x00000006c3311748,0x00000006ca700000)
 Metaspace       used 51698K, capacity 53808K, committed 53888K, reserved 1095680K
  class space    used 6761K, capacity 7273K, committed 7296K, reserved 1048576K
}
Event: 1707.062 GC heap before
{Heap before GC invocations=29 (full 10):
 PSYoungGen      total 401408K, used 194985K [0x000000076af80000, 0x0000000784b00000, 0x00000007c0000000)
  eden space 382464K, 50% used [0x000000076af80000,0x0000000776dea700,0x0000000782500000)
  from space 18944K, 0% used [0x0000000783880000,0x0000000783880000,0x0000000784b00000)
  to   space 19456K, 0% used [0x0000000782500000,0x0000000782500000,0x0000000783800000)
 ParOldGen       total 156672K, used 37957K [0x00000006c0e00000, 0x00000006ca700000, 0x000000076af80000)
  object space 156672K, 24% used [0x00000006c0e00000,0x00000006c3311748,0x00000006ca700000)
 Metaspace       used 51879K, capacity 54068K, committed 54272K, reserved 1095680K
  class space    used 6779K, capacity 7316K, committed 7424K, reserved 1048576K
Event: 1707.065 GC heap after
Heap after GC invocations=29 (full 10):
 PSYoungGen      total 387072K, used 4529K [0x000000076af80000, 0x0000000784a00000, 0x00000007c0000000)
  eden space 382464K, 0% used [0x000000076af80000,0x000000076af80000,0x0000000782500000)
  from space 4608K, 98% used [0x0000000782500000,0x000000078296c688,0x0000000782980000)
  to   space 18944K, 0% used [0x0000000783780000,0x0000000783780000,0x0000000784a00000)
 ParOldGen       total 156672K, used 37965K [0x00000006c0e00000, 0x00000006ca700000, 0x000000076af80000)
  object space 156672K, 24% used [0x00000006c0e00000,0x00000006c3313748,0x00000006ca700000)
 Metaspace       used 51879K, capacity 54068K, committed 54272K, reserved 1095680K
  class space    used 6779K, capacity 7316K, committed 7424K, reserved 1048576K
}
Event: 1707.065 GC heap before
{Heap before GC invocations=30 (full 11):
 PSYoungGen      total 387072K, used 4529K [0x000000076af80000, 0x0000000784a00000, 0x00000007c0000000)
  eden space 382464K, 0% used [0x000000076af80000,0x000000076af80000,0x0000000782500000)
  from space 4608K, 98% used [0x0000000782500000,0x000000078296c688,0x0000000782980000)
  to   space 18944K, 0% used [0x0000000783780000,0x0000000783780000,0x0000000784a00000)
 ParOldGen       total 156672K, used 37965K [0x00000006c0e00000, 0x00000006ca700000, 0x000000076af80000)
  object space 156672K, 24% used [0x00000006c0e00000,0x00000006c3313748,0x00000006ca700000)
 Metaspace       used 51879K, capacity 54068K, committed 54272K, reserved 1095680K
  class space    used 6779K, capacity 7316K, committed 7424K, reserved 1048576K

